<?xml version="1.0" encoding="UTF-8"?>
<testng-results skipped="0" failed="0" ignored="0" total="1" passed="1">
  <reporter-output>
  </reporter-output>
  <suite name="Default suite" duration-ms="8423" started-at="2020-01-20T12:58:35Z" finished-at="2020-01-20T12:58:43Z">
    <groups>
    </groups>
    <test name="Default test" duration-ms="8423" started-at="2020-01-20T12:58:35Z" finished-at="2020-01-20T12:58:43Z">
      <class name="com.cai.webapp.testScript.WebApp_SmokeTest">
        <test-method status="PASS" signature="Launch()[pri:0, instance:com.cai.webapp.testScript.WebApp_SmokeTest@5034c75a]" name="Launch" duration-ms="8406" started-at="2020-01-20T18:28:35Z" finished-at="2020-01-20T18:28:43Z">
          <reporter-output>
          </reporter-output>
        </test-method> <!-- Launch -->
      </class> <!-- com.cai.webapp.testScript.WebApp_SmokeTest -->
    </test> <!-- Default test -->
  </suite> <!-- Default suite -->
</testng-results>
